0 info it worked if it ends with ok
1 verbose cli [ 'E:\\software\\nvm\\nodejs\\node.exe',
1 verbose cli   'E:\\software\\nvm\\nodejs\\node_modules\\npm\\bin\\npm-cli.js',
1 verbose cli   'run',
1 verbose cli   'dev' ]
2 info using npm@3.10.10
3 info using node@v6.11.2
4 verbose run-script [ 'predev', 'dev', 'postdev' ]
5 info lifecycle test0907@1.0.0~predev: test0907@1.0.0
6 silly lifecycle test0907@1.0.0~predev: no script for predev, continuing
7 info lifecycle test0907@1.0.0~dev: test0907@1.0.0
8 verbose lifecycle test0907@1.0.0~dev: unsafe-perm in lifecycle true
9 verbose lifecycle test0907@1.0.0~dev: PATH: E:\software\nvm\nvm\v6.11.2\node_modules\npm\bin\node-gyp-bin;E:\code\personnal\test0907\node_modules\.bin;C:\ProgramData\Oracle\Java\javapath;C:\Program Files (x86)\Intel\iCLS Client\;C:\Program Files\Intel\iCLS Client\;C:\Windows\system32;C:\Windows;C:\Windows\System32\Wbem;C:\Windows\System32\WindowsPowerShell\v1.0\;C:\Program Files (x86)\Intel\Intel(R) Management Engine Components\DAL;C:\Program Files\Intel\Intel(R) Management Engine Components\DAL;C:\Program Files (x86)\Intel\Intel(R) Management Engine Components\IPT;C:\Program Files\Intel\Intel(R) Management Engine Components\IPT;E:\VisualSVN Server\bin;D:\Java\jdk1.8.0_121\bin;D:\Java\jdk1.8.0_121\jre\bin;D:\program\apache-maven-3.3.9\bin;F:\MongoDB\Server\3.4\bin;e:\Git\cmd;E:\SVN\bin;E:\software\GIT\bin;E:\software\nvm\nvm;E:\software\nvm\nodejs;;E:\software\nvm\nvm;C:\Users\hongying\AppData\Local\Programs\Python\Python37\Scripts\;C:\Users\hongying\AppData\Local\Programs\Python\Python37\;E:\software\visual\Microsoft VS Code\bin;E:\牙\基本软件\Fiddler2;E:\software\nvm\nodejs\node_global;
10 verbose lifecycle test0907@1.0.0~dev: CWD: E:\code\personnal\test0907
11 silly lifecycle test0907@1.0.0~dev: Args: [ '/d /s /c', 'webpack --mode development' ]
12 silly lifecycle test0907@1.0.0~dev: Returned: code: 1  signal: null
13 info lifecycle test0907@1.0.0~dev: Failed to exec dev script
14 verbose stack Error: test0907@1.0.0 dev: `webpack --mode development`
14 verbose stack Exit status 1
14 verbose stack     at EventEmitter.<anonymous> (E:\software\nvm\nvm\v6.11.2\node_modules\npm\lib\utils\lifecycle.js:255:16)
14 verbose stack     at emitTwo (events.js:106:13)
14 verbose stack     at EventEmitter.emit (events.js:191:7)
14 verbose stack     at ChildProcess.<anonymous> (E:\software\nvm\nvm\v6.11.2\node_modules\npm\lib\utils\spawn.js:40:14)
14 verbose stack     at emitTwo (events.js:106:13)
14 verbose stack     at ChildProcess.emit (events.js:191:7)
14 verbose stack     at maybeClose (internal/child_process.js:891:16)
14 verbose stack     at Process.ChildProcess._handle.onexit (internal/child_process.js:226:5)
15 verbose pkgid test0907@1.0.0
16 verbose cwd E:\code\personnal\test0907
17 error Windows_NT 6.1.7601
18 error argv "E:\\software\\nvm\\nodejs\\node.exe" "E:\\software\\nvm\\nodejs\\node_modules\\npm\\bin\\npm-cli.js" "run" "dev"
19 error node v6.11.2
20 error npm  v3.10.10
21 error code ELIFECYCLE
22 error test0907@1.0.0 dev: `webpack --mode development`
22 error Exit status 1
23 error Failed at the test0907@1.0.0 dev script 'webpack --mode development'.
23 error Make sure you have the latest version of node.js and npm installed.
23 error If you do, this is most likely a problem with the test0907 package,
23 error not with npm itself.
23 error Tell the author that this fails on your system:
23 error     webpack --mode development
23 error You can get information on how to open an issue for this project with:
23 error     npm bugs test0907
23 error Or if that isn't available, you can get their info via:
23 error     npm owner ls test0907
23 error There is likely additional logging output above.
24 verbose exit [ 1, true ]
